апр 13, 2020 3:04:38 PM ru.gb.java3.server.NetworkServer go
INFO: Сервер был успешно создан. Порт: 4050
апр 13, 2020 3:04:38 PM ru.gb.java3.server.NetworkServer go
INFO: Сервис аутентификации запущен
апр 13, 2020 3:04:38 PM ru.gb.java3.server.NetworkServer go
INFO: Ожидание клиентского подключения...
апр 13, 2020 3:05:33 PM ru.gb.java3.server.NetworkServer go
INFO: Клиент подключился...
апр 13, 2020 3:05:33 PM ru.gb.java3.server.NetworkServer go
INFO: Ожидание клиентского подключения...
апр 13, 2020 3:22:25 PM ru.gb.java3.server.NetworkServer go
INFO: Сервер был успешно создан. Порт: 4050
апр 13, 2020 3:22:25 PM ru.gb.java3.server.NetworkServer go
INFO: Сервис аутентификации запущен
апр 13, 2020 3:22:25 PM ru.gb.java3.server.NetworkServer go
INFO: Ожидание клиентского подключения...
апр 13, 2020 3:22:31 PM ru.gb.java3.server.NetworkServer go
INFO: Клиент подключился...
апр 13, 2020 3:22:31 PM ru.gb.java3.server.NetworkServer go
INFO: Ожидание клиентского подключения...
апр 13, 2020 3:22:54 PM ru.gb.java3.server.NetworkServer go
INFO: Клиент подключился...
апр 13, 2020 3:22:54 PM ru.gb.java3.server.NetworkServer go
INFO: Ожидание клиентского подключения...
